2021-03-09 18:00:31,145 INFO org.springframework.boot.StartupInfoLogger [restartedMain] Starting MicroserviciosAlumnosApplication using Java 1.8.0_281 on DESKTOP-LTL3CVR with PID 15288 (D:\DesarrolloMicroServicios\microservicios_02\microservicios-alumnos\target\classes started by migue in D:\DesarrolloMicroServicios\microservicios_02\microservicios-alumnos)
2021-03-09 18:00:31,147 DEBUG org.springframework.boot.StartupInfoLogger [restartedMain] Running with Spring Boot v2.4.1, Spring v5.3.2
2021-03-09 18:00:31,148 INFO org.springframework.boot.SpringApplication [restartedMain] No active profile set, falling back to default profiles: default
2021-03-09 18:01:31,548 INFO org.springframework.boot.StartupInfoLogger [restartedMain] Starting MicroserviciosAlumnosApplication using Java 1.8.0_281 on DESKTOP-LTL3CVR with PID 12092 (D:\DesarrolloMicroServicios\microservicios_02\microservicios-alumnos\target\classes started by migue in D:\DesarrolloMicroServicios\microservicios_02\microservicios-alumnos)
2021-03-09 18:01:31,637 DEBUG org.springframework.boot.StartupInfoLogger [restartedMain] Running with Spring Boot v2.4.1, Spring v5.3.2
2021-03-09 18:01:31,637 INFO org.springframework.boot.SpringApplication [restartedMain] No active profile set, falling back to default profiles: default
2021-03-09 18:03:59,713 INFO org.springframework.boot.StartupInfoLogger [restartedMain] Starting MicroserviciosAlumnosApplication using Java 1.8.0_281 on DESKTOP-LTL3CVR with PID 9160 (D:\DesarrolloMicroServicios\microservicios_02\microservicios-alumnos\target\classes started by migue in D:\DesarrolloMicroServicios\microservicios_02\microservicios-alumnos)
2021-03-09 18:03:59,714 DEBUG org.springframework.boot.StartupInfoLogger [restartedMain] Running with Spring Boot v2.4.1, Spring v5.3.2
2021-03-09 18:03:59,714 INFO org.springframework.boot.SpringApplication [restartedMain] No active profile set, falling back to default profiles: default
2021-03-09 18:04:05,019 INFO org.springframework.boot.StartupInfoLogger [restartedMain] Started MicroserviciosAlumnosApplication in 5.995 seconds (JVM running for 6.838)
2021-03-09 18:06:33,551 DEBUG mcm.personal.microservicios.app.alumnos.controllers.AlumnoController [http-nio-auto-1-exec-1] Ingresa a AlumnoController.listar 
2021-03-09 18:18:46,784 INFO org.springframework.boot.StartupInfoLogger [restartedMain] Starting MicroserviciosAlumnosApplication using Java 1.8.0_281 on DESKTOP-LTL3CVR with PID 9160 (D:\DesarrolloMicroServicios\microservicios_02\microservicios-alumnos\target\classes started by migue in D:\DesarrolloMicroServicios\microservicios_02\microservicios-alumnos)
2021-03-09 18:18:46,784 DEBUG org.springframework.boot.StartupInfoLogger [restartedMain] Running with Spring Boot v2.4.1, Spring v5.3.2
2021-03-09 18:18:46,784 INFO org.springframework.boot.SpringApplication [restartedMain] No active profile set, falling back to default profiles: default
2021-03-09 18:18:48,963 INFO org.springframework.boot.StartupInfoLogger [restartedMain] Started MicroserviciosAlumnosApplication in 2.556 seconds (JVM running for 890.781)
2021-03-09 18:19:04,315 INFO org.springframework.boot.StartupInfoLogger [restartedMain] Starting MicroserviciosAlumnosApplication using Java 1.8.0_281 on DESKTOP-LTL3CVR with PID 9160 (D:\DesarrolloMicroServicios\microservicios_02\microservicios-alumnos\target\classes started by migue in D:\DesarrolloMicroServicios\microservicios_02\microservicios-alumnos)
2021-03-09 18:19:04,316 DEBUG org.springframework.boot.StartupInfoLogger [restartedMain] Running with Spring Boot v2.4.1, Spring v5.3.2
2021-03-09 18:19:04,316 INFO org.springframework.boot.SpringApplication [restartedMain] No active profile set, falling back to default profiles: default
2021-03-09 18:19:06,567 INFO org.springframework.boot.StartupInfoLogger [restartedMain] Started MicroserviciosAlumnosApplication in 2.588 seconds (JVM running for 908.386)
2021-03-09 18:36:03,948 INFO org.springframework.boot.StartupInfoLogger [restartedMain] Starting MicroserviciosAlumnosApplication using Java 1.8.0_281 on DESKTOP-LTL3CVR with PID 9160 (D:\DesarrolloMicroServicios\microservicios_02\microservicios-alumnos\target\classes started by migue in D:\DesarrolloMicroServicios\microservicios_02\microservicios-alumnos)
2021-03-09 18:36:03,948 DEBUG org.springframework.boot.StartupInfoLogger [restartedMain] Running with Spring Boot v2.4.1, Spring v5.3.2
2021-03-09 18:36:03,948 INFO org.springframework.boot.SpringApplication [restartedMain] No active profile set, falling back to default profiles: default
2021-03-09 18:36:05,960 INFO org.springframework.boot.StartupInfoLogger [restartedMain] Started MicroserviciosAlumnosApplication in 2.37 seconds (JVM running for 1927.779)
